Using pre-set license
Built from '2022.3/release' branch; Version is '2022.3.5f1 (9674261d40ee) revision 9860134'; Using compiler version '192829333'; Build Type 'Release'
OS: 'Windows 11  (10.0.22631) 64bit Professional' Language: 'es' Physical Memory: 15765 MB
BatchMode: 1, IsHumanControllingUs: 0, StartBugReporterOnCrash: 0, Is64bit: 1, IsPro: 1

COMMAND LINE ARGUMENTS:
C:\Program Files\Unity 2022.3.5f1\Editor\Unity.exe
-adb2
-batchMode
-noUpm
-name
AssetImportWorker3
-projectPath
C:/Users/TrendingPC/Documents/GitHub/Silly_kitty__paw_of_Minty_MartaG/Silly_kitty__paw_of_Minty
-logFile
Logs/AssetImportWorker3.log
-srvPort
59075
Successfully changed project path to: C:/Users/TrendingPC/Documents/GitHub/Silly_kitty__paw_of_Minty_MartaG/Silly_kitty__paw_of_Minty
C:/Users/TrendingPC/Documents/GitHub/Silly_kitty__paw_of_Minty_MartaG/Silly_kitty__paw_of_Minty
[UnityMemory] Configuration Parameters - Can be set up in boot.config
    "memorysetup-bucket-allocator-granularity=16"
    "memorysetup-bucket-allocator-bucket-count=8"
    "memorysetup-bucket-allocator-block-size=33554432"
    "memorysetup-bucket-allocator-block-count=8"
    "memorysetup-main-allocator-block-size=16777216"
    "memorysetup-thread-allocator-block-size=16777216"
    "memorysetup-gfx-main-allocator-block-size=16777216"
    "memorysetup-gfx-thread-allocator-block-size=16777216"
    "memorysetup-cache-allocator-block-size=4194304"
    "memorysetup-typetree-allocator-block-size=2097152"
    "memorysetup-profiler-bucket-allocator-granularity=16"
    "memorysetup-profiler-bucket-allocator-bucket-count=8"
    "memorysetup-profiler-bucket-allocator-block-size=33554432"
    "memorysetup-profiler-bucket-allocator-block-count=8"
    "memorysetup-profiler-allocator-block-size=16777216"
    "memorysetup-profiler-editor-allocator-block-size=1048576"
    "memorysetup-temp-allocator-size-main=16777216"
    "memorysetup-job-temp-allocator-block-size=2097152"
    "memorysetup-job-temp-allocator-block-size-background=1048576"
    "memorysetup-job-temp-allocator-reduction-small-platforms=262144"
    "memorysetup-allocator-temp-initial-block-size-main=262144"
    "memorysetup-allocator-temp-initial-block-size-worker=262144"
    "memorysetup-temp-allocator-size-background-worker=32768"
    "memorysetup-temp-allocator-size-job-worker=262144"
    "memorysetup-temp-allocator-size-preload-manager=33554432"
    "memorysetup-temp-allocator-size-nav-mesh-worker=65536"
    "memorysetup-temp-allocator-size-audio-worker=65536"
    "memorysetup-temp-allocator-size-cloud-worker=32768"
    "memorysetup-temp-allocator-size-gi-baking-worker=262144"
    "memorysetup-temp-allocator-size-gfx=262144"
Player connection [19920] Host "[IP] 192.168.1.52 [Port] 0 [Flags] 2 [Guid] 1192652241 [EditorId] 1192652241 [Version] 1048832 [Id] WindowsEditor(7,DESKTOP-G453AHD) [Debug] 1 [PackageName] WindowsEditor [ProjectName] Editor" joined multi-casting on [225.0.0.222:54997]...

Player connection [19920] Host "[IP] 192.168.1.52 [Port] 0 [Flags] 2 [Guid] 1192652241 [EditorId] 1192652241 [Version] 1048832 [Id] WindowsEditor(7,DESKTOP-G453AHD) [Debug] 1 [PackageName] WindowsEditor [ProjectName] Editor" joined alternative multi-casting on [225.0.0.222:34997]...

Refreshing native plugins compatible for Editor in 0.00 ms, found 0 plugins.
Preloading 0 native plugins for Editor in 0.00 ms.
Initialize engine version: 2022.3.5f1 (9674261d40ee)
[Subsystems] Discovering subsystems at path C:/Program Files/Unity 2022.3.5f1/Editor/Data/Resources/UnitySubsystems
[Subsystems] Discovering subsystems at path C:/Users/TrendingPC/Documents/GitHub/Silly_kitty__paw_of_Minty_MartaG/Silly_kitty__paw_of_Minty/Assets
GfxDevice: creating device client; threaded=0; jobified=0
Direct3D:
    Version:  Direct3D 11.0 [level 11.1]
    Renderer: AMD Radeon(TM) Graphics (ID=0x1638)
    Vendor:   ATI
    VRAM:     7882 MB
    Driver:   31.0.12027.9001
Initialize mono
Mono path[0] = 'C:/Program Files/Unity 2022.3.5f1/Editor/Data/Managed'
Mono path[1] = 'C:/Program Files/Unity 2022.3.5f1/Editor/Data/MonoBleedingEdge/lib/mono/unityjit-win32'
Mono config path = 'C:/Program Files/Unity 2022.3.5f1/Editor/Data/MonoBleedingEdge/etc'
Using monoOptions --debugger-agent=transport=dt_socket,embedding=1,server=y,suspend=n,address=127.0.0.1:56824
Begin MonoManager ReloadAssembly
Registering precompiled unity dll's ...
Register platform support module: C:/Program Files/Unity 2022.3.5f1/Editor/Data/PlaybackEngines/WindowsStandaloneSupport/UnityEditor.WindowsStandalone.Extensions.dll
Registered in 0.004512 seconds.
- Loaded All Assemblies, in  0.272 seconds
Native extension for WindowsStandalone target not found
Mono: successfully reloaded assembly
- Finished resetting the current domain, in  0.211 seconds
Domain Reload Profiling: 482ms
	BeginReloadAssembly (81ms)
		ExecutionOrderSort (0ms)
		DisableScriptedObjects (0ms)
		BackupInstance (0ms)
		ReleaseScriptingObjects (0ms)
		CreateAndSetChildDomain (1ms)
	RebuildCommonClasses (27ms)
	RebuildNativeTypeToScriptingClass (8ms)
	initialDomainReloadingComplete (49ms)
	LoadAllAssembliesAndSetupDomain (105ms)
		LoadAssemblies (79ms)
		RebuildTransferFunctionScriptingTraits (0ms)
		AnalyzeDomain (100ms)
			TypeCache.Refresh (99ms)
				TypeCache.ScanAssembly (89ms)
			ScanForSourceGeneratedMonoScriptInfo (0ms)
			ResolveRequiredComponents (0ms)
	FinalizeReload (212ms)
		ReleaseScriptCaches (0ms)
		RebuildScriptCaches (0ms)
		SetupLoadedEditorAssemblies (165ms)
			LogAssemblyErrors (0ms)
			InitializePlatformSupportModulesInManaged (7ms)
			SetLoadedEditorAssemblies (6ms)
			RefreshPlugins (0ms)
			BeforeProcessingInitializeOnLoad (2ms)
			ProcessInitializeOnLoadAttributes (111ms)
			ProcessInitializeOnLoadMethodAttributes (39ms)
			AfterProcessingInitializeOnLoad (0ms)
			EditorAssembliesLoaded (0ms)
		ExecutionOrderSort2 (0ms)
		AwakeInstancesAfterBackupRestoration (0ms)
========================================================================
Worker process is ready to serve import requests
Begin MonoManager ReloadAssembly
- Loaded All Assemblies, in  0.261 seconds
Refreshing native plugins compatible for Editor in 0.00 ms, found 0 plugins.
Native extension for WindowsStandalone target not found
Mono: successfully reloaded assembly
- Finished resetting the current domain, in  0.255 seconds
Domain Reload Profiling: 514ms
	BeginReloadAssembly (105ms)
		ExecutionOrderSort (0ms)
		DisableScriptedObjects (4ms)
		BackupInstance (0ms)
		ReleaseScriptingObjects (0ms)
		CreateAndSetChildDomain (20ms)
	RebuildCommonClasses (25ms)
	RebuildNativeTypeToScriptingClass (8ms)
	initialDomainReloadingComplete (20ms)
	LoadAllAssembliesAndSetupDomain (101ms)
		LoadAssemblies (57ms)
		RebuildTransferFunctionScriptingTraits (0ms)
		AnalyzeDomain (95ms)
			TypeCache.Refresh (92ms)
				TypeCache.ScanAssembly (85ms)
			ScanForSourceGeneratedMonoScriptInfo (1ms)
			ResolveRequiredComponents (1ms)
	FinalizeReload (255ms)
		ReleaseScriptCaches (0ms)
		RebuildScriptCaches (0ms)
		SetupLoadedEditorAssemblies (151ms)
			LogAssemblyErrors (0ms)
			InitializePlatformSupportModulesInManaged (4ms)
			SetLoadedEditorAssemblies (4ms)
			RefreshPlugins (0ms)
			BeforeProcessingInitializeOnLoad (30ms)
			ProcessInitializeOnLoadAttributes (91ms)
			ProcessInitializeOnLoadMethodAttributes (16ms)
			AfterProcessingInitializeOnLoad (6ms)
			EditorAssembliesLoaded (0ms)
		ExecutionOrderSort2 (0ms)
		AwakeInstancesAfterBackupRestoration (5ms)
Launched and connected shader compiler UnityShaderCompiler.exe after 0.04 seconds
Refreshing native plugins compatible for Editor in 0.00 ms, found 0 plugins.
Preloading 0 native plugins for Editor in 0.00 ms.
Unloading 229 Unused Serialized files (Serialized files now loaded: 0)
Unloading 3 unused Assets / (48.6 KB). Loaded Objects now: 701.
Memory consumption went from 51.0 MB to 50.9 MB.
Total: 2.220300 ms (FindLiveObjects: 0.043100 ms CreateObjectMapping: 0.008100 ms MarkObjects: 2.112700 ms  DeleteObjects: 0.056000 ms)

AssetImportParameters requested are different than current active one (requested -> active):
  custom:video-encoder-webm-vp8: eb34c28f22e8b96e1ab97ce403110664 -> 
  custom:audio-encoder-webm-vorbis: bf7c407c2cedff20999df2af8eb42d56 -> 
  custom:video-decoder-webm-vp8: 9c59270c3fd7afecdb556c50c9e8de78 -> 
  custom:container-demuxer-webm: 4f35f7cbe854078d1ac9338744f61a02 -> 
  custom:container-muxer-webm: aa71ff27fc2769a1b78a27578f13a17b -> 
  custom:container-demuxer-ogg: 62fdf1f143b41e24485cea50d1cbac27 -> 
  custom:audio-decoder-ogg-vorbis: bf7c407c2cedff20999df2af8eb42d56 -> 
  custom:AudioImporter_EditorPlatform: d09bf68614088b80899f8185d706f6e7 -> 
  custom:video-decoder-ogg-theora: a1e56fd34408186e4bbccfd4996cb3dc -> 
  custom:CustomObjectIndexerAttribute: 756ad292c208cfabdd7b50bc23989ffe -> 
  custom:framework-win-MediaFoundation: 216162199b28c13a410421893ffa2e32 -> 
========================================================================
Received Import Request.
  Time since last request: 179104.331149 seconds.
  path: Assets/Scenes/Sprites/banco.png
  artifactKey: Guid(31250d6d4b2a48f4eb14422204cc0ac9) Importer(815301076,1909f56bfc062723c751e8b465ee728b)
Start importing Assets/Scenes/Sprites/banco.png using Guid(31250d6d4b2a48f4eb14422204cc0ac9) Importer(815301076,1909f56bfc062723c751e8b465ee728b)  -> (artifact id: 'dbf50e638caa87e6ff80d3d99fdab5d6') in 0.061786 seconds
Number of updated asset objects reloaded before import = 0
Number of asset objects unloaded after import = 2
========================================================================
Received Import Request.
  Time since last request: 0.000049 seconds.
  path: Assets/Scenes/Sprites/banco 1.png
  artifactKey: Guid(ace78159ea9c55545bcff9241ddd980a) Importer(815301076,1909f56bfc062723c751e8b465ee728b)
Start importing Assets/Scenes/Sprites/banco 1.png using Guid(ace78159ea9c55545bcff9241ddd980a) Importer(815301076,1909f56bfc062723c751e8b465ee728b)  -> (artifact id: '710d94d443499f6e9e18a2b12db9cc2a') in 0.009534 seconds
Number of updated asset objects reloaded before import = 0
Number of asset objects unloaded after import = 2
========================================================================
Received Import Request.
  Time since last request: 0.000036 seconds.
  path: Assets/Scenes/Sprites/boton_azul 1.png
  artifactKey: Guid(1017049ce29534a44b6b4054f864ff76) Importer(815301076,1909f56bfc062723c751e8b465ee728b)
Start importing Assets/Scenes/Sprites/boton_azul 1.png using Guid(1017049ce29534a44b6b4054f864ff76) Importer(815301076,1909f56bfc062723c751e8b465ee728b)  -> (artifact id: 'cba08529c5e12678e8014913b39d0efc') in 0.014105 seconds
Number of updated asset objects reloaded before import = 0
Number of asset objects unloaded after import = 2
========================================================================
Received Import Request.
  Time since last request: 0.000023 seconds.
  path: Assets/Scenes/Sprites/Basura 1.png
  artifactKey: Guid(d09bcfed00896d044b6f377ba38148a4) Importer(815301076,1909f56bfc062723c751e8b465ee728b)
Start importing Assets/Scenes/Sprites/Basura 1.png using Guid(d09bcfed00896d044b6f377ba38148a4) Importer(815301076,1909f56bfc062723c751e8b465ee728b)  -> (artifact id: '7ae4a6406eb98ea8a4b8464cf1db3d5c') in 0.008406 seconds
Number of updated asset objects reloaded before import = 0
Number of asset objects unloaded after import = 2
========================================================================
Received Import Request.
  Time since last request: 73.637737 seconds.
  path: Assets/Scenes/Sprites/game_over 1.png
  artifactKey: Guid(ba3973f1ec2b1494e81c9bd7046b1bb9) Importer(815301076,1909f56bfc062723c751e8b465ee728b)
Start importing Assets/Scenes/Sprites/game_over 1.png using Guid(ba3973f1ec2b1494e81c9bd7046b1bb9) Importer(815301076,1909f56bfc062723c751e8b465ee728b)  -> (artifact id: '1a45563c78a3428ed53be37ea9ce5afa') in 0.050400 seconds
Number of updated asset objects reloaded before import = 0
Number of asset objects unloaded after import = 3
========================================================================
Received Import Request.
  Time since last request: 0.000026 seconds.
  path: Assets/Scenes/Sprites/menty 4k 1.png
  artifactKey: Guid(f26f1a92222100c489450c71e42aaaec) Importer(815301076,1909f56bfc062723c751e8b465ee728b)
Start importing Assets/Scenes/Sprites/menty 4k 1.png using Guid(f26f1a92222100c489450c71e42aaaec) Importer(815301076,1909f56bfc062723c751e8b465ee728b)  -> (artifact id: 'a1f4199d4e9082651c73da921b67b01f') in 0.028880 seconds
Number of updated asset objects reloaded before import = 0
Number of asset objects unloaded after import = 3
========================================================================
Received Import Request.
  Time since last request: 14.922885 seconds.
  path: Assets/Scenes/Sprites/game_over.png
  artifactKey: Guid(920fd1bf4ea0bf9418c9d53ec7acd38c) Importer(815301076,1909f56bfc062723c751e8b465ee728b)
Start importing Assets/Scenes/Sprites/game_over.png using Guid(920fd1bf4ea0bf9418c9d53ec7acd38c) Importer(815301076,1909f56bfc062723c751e8b465ee728b)  -> (artifact id: '690bd7d283d5105e51d22cc0f339f825') in 0.011468 seconds
Number of updated asset objects reloaded before import = 0
Number of asset objects unloaded after import = 3
========================================================================
Received Import Request.
  Time since last request: 0.000014 seconds.
  path: Assets/Scenes/Sprites/gato_salta_0003.png
  artifactKey: Guid(0c630570544544c42aafdbe63ba7ece5) Importer(815301076,1909f56bfc062723c751e8b465ee728b)
Start importing Assets/Scenes/Sprites/gato_salta_0003.png using Guid(0c630570544544c42aafdbe63ba7ece5) Importer(815301076,1909f56bfc062723c751e8b465ee728b)  -> (artifact id: '3a700a530402bf2482984dcf60dded84') in 0.015994 seconds
Number of updated asset objects reloaded before import = 0
Number of asset objects unloaded after import = 3
========================================================================
Received Import Request.
  Time since last request: 0.000016 seconds.
  path: Assets/Scenes/Sprites/paloma_0001.png
  artifactKey: Guid(49d26ed724743dc42b97c3d2d341f4f5) Importer(815301076,1909f56bfc062723c751e8b465ee728b)
Start importing Assets/Scenes/Sprites/paloma_0001.png using Guid(49d26ed724743dc42b97c3d2d341f4f5) Importer(815301076,1909f56bfc062723c751e8b465ee728b)  -> (artifact id: '8b71922268f90ec1dd076e2d54d74c88') in 0.023050 seconds
Number of updated asset objects reloaded before import = 0
Number of asset objects unloaded after import = 3
========================================================================
Received Import Request.
  Time since last request: 0.000019 seconds.
  path: Assets/Scenes/Sprites/gato_salta_0003 1.png
  artifactKey: Guid(7227ff6139171bc4997f03a183733c3b) Importer(815301076,1909f56bfc062723c751e8b465ee728b)
Start importing Assets/Scenes/Sprites/gato_salta_0003 1.png using Guid(7227ff6139171bc4997f03a183733c3b) Importer(815301076,1909f56bfc062723c751e8b465ee728b)  -> (artifact id: 'f1f5330d8ab69bcfc1523cbff30fe2c0') in 0.011071 seconds
Number of updated asset objects reloaded before import = 0
Number of asset objects unloaded after import = 3
========================================================================
Received Import Request.
  Time since last request: 0.000021 seconds.
  path: Assets/Scenes/Sprites/paloma_0003.png
  artifactKey: Guid(a7dc711b37f0cf54a80750b7d5d5d687) Importer(815301076,1909f56bfc062723c751e8b465ee728b)
Start importing Assets/Scenes/Sprites/paloma_0003.png using Guid(a7dc711b37f0cf54a80750b7d5d5d687) Importer(815301076,1909f56bfc062723c751e8b465ee728b)  -> (artifact id: '4ca81b89b385c4231fdcc7b791db2dfc') in 0.020790 seconds
Number of updated asset objects reloaded before import = 0
Number of asset objects unloaded after import = 3
========================================================================
Received Import Request.
  Time since last request: 0.000019 seconds.
  path: Assets/Scenes/Sprites/gato_respirando_0004 1.png
  artifactKey: Guid(d808f873a0edeae4595736fbbdccada8) Importer(815301076,1909f56bfc062723c751e8b465ee728b)
Start importing Assets/Scenes/Sprites/gato_respirando_0004 1.png using Guid(d808f873a0edeae4595736fbbdccada8) Importer(815301076,1909f56bfc062723c751e8b465ee728b)  -> (artifact id: '8d98b0156a8a72743eddd65d34cec7d7') in 0.017607 seconds
Number of updated asset objects reloaded before import = 0
Number of asset objects unloaded after import = 3
========================================================================
Received Import Request.
  Time since last request: 0.000024 seconds.
  path: Assets/Scenes/Sprites/menty 4k 1.png
  artifactKey: Guid(f26f1a92222100c489450c71e42aaaec) Importer(815301076,1909f56bfc062723c751e8b465ee728b)
Start importing Assets/Scenes/Sprites/menty 4k 1.png using Guid(f26f1a92222100c489450c71e42aaaec) Importer(815301076,1909f56bfc062723c751e8b465ee728b)  -> (artifact id: '0b7f2b4ef1a03835319e4859f2d5a9fc') in 0.017728 seconds
Number of updated asset objects reloaded before import = 0
Number of asset objects unloaded after import = 3
========================================================================
Received Import Request.
  Time since last request: 0.000026 seconds.
  path: Assets/Scenes/Sprites/gato_respirando_0003 1.png
  artifactKey: Guid(4c7d99d2d085b8c4c965940e841dc553) Importer(815301076,1909f56bfc062723c751e8b465ee728b)
Start importing Assets/Scenes/Sprites/gato_respirando_0003 1.png using Guid(4c7d99d2d085b8c4c965940e841dc553) Importer(815301076,1909f56bfc062723c751e8b465ee728b)  -> (artifact id: '2a5ed9c2e2e48eb281bc8ff4625359f1') in 0.022761 seconds
Number of updated asset objects reloaded before import = 0
Number of asset objects unloaded after import = 3
========================================================================
Received Import Request.
  Time since last request: 0.000017 seconds.
  path: Assets/Scenes/Sprites/gato_caminar_0001 1.png
  artifactKey: Guid(7adad3eefa64eb54aa928e535419dcb5) Importer(815301076,1909f56bfc062723c751e8b465ee728b)
Start importing Assets/Scenes/Sprites/gato_caminar_0001 1.png using Guid(7adad3eefa64eb54aa928e535419dcb5) Importer(815301076,1909f56bfc062723c751e8b465ee728b)  -> (artifact id: '92f73d117419ec32441bab8e13fed8cc') in 0.017796 seconds
Number of updated asset objects reloaded before import = 0
Number of asset objects unloaded after import = 3
========================================================================
Received Import Request.
  Time since last request: 0.000018 seconds.
  path: Assets/Scenes/Sprites/suelo_calle.png
  artifactKey: Guid(ca83455264e520d4cb07e84d25d456e7) Importer(815301076,1909f56bfc062723c751e8b465ee728b)
Start importing Assets/Scenes/Sprites/suelo_calle.png using Guid(ca83455264e520d4cb07e84d25d456e7) Importer(815301076,1909f56bfc062723c751e8b465ee728b)  -> (artifact id: 'aa01c03f3bdc6f93708466f137fcb7b0') in 0.027221 seconds
Number of updated asset objects reloaded before import = 0
Number of asset objects unloaded after import = 3
========================================================================
Received Import Request.
  Time since last request: 0.000017 seconds.
  path: Assets/Scenes/Sprites/gato_respirando_0001 1.png
  artifactKey: Guid(23e9547f456808041b190d15271cf005) Importer(815301076,1909f56bfc062723c751e8b465ee728b)
Start importing Assets/Scenes/Sprites/gato_respirando_0001 1.png using Guid(23e9547f456808041b190d15271cf005) Importer(815301076,1909f56bfc062723c751e8b465ee728b)  -> (artifact id: '106f9074f40258de7be804a062330d36') in 0.009868 seconds
Number of updated asset objects reloaded before import = 0
Number of asset objects unloaded after import = 3
========================================================================
Received Import Request.
  Time since last request: 0.000022 seconds.
  path: Assets/Scenes/Sprites/gato_ataque_0002 1.png
  artifactKey: Guid(1df1827182f852648bb74478057f316e) Importer(815301076,1909f56bfc062723c751e8b465ee728b)
Start importing Assets/Scenes/Sprites/gato_ataque_0002 1.png using Guid(1df1827182f852648bb74478057f316e) Importer(815301076,1909f56bfc062723c751e8b465ee728b)  -> (artifact id: '44a75874e3a0fe90b76adba2ef5c8d08') in 0.020545 seconds
Number of updated asset objects reloaded before import = 0
Number of asset objects unloaded after import = 3
========================================================================
Received Import Request.
  Time since last request: 0.000045 seconds.
  path: Assets/Scenes/Sprites/paloma_0001 1.png
  artifactKey: Guid(c81550b6a8c3d2d4a90deb13c5df7784) Importer(815301076,1909f56bfc062723c751e8b465ee728b)
Start importing Assets/Scenes/Sprites/paloma_0001 1.png using Guid(c81550b6a8c3d2d4a90deb13c5df7784) Importer(815301076,1909f56bfc062723c751e8b465ee728b)  -> (artifact id: 'c3cf4543af94bc414a5b11a63cf26e1d') in 0.010796 seconds
Number of updated asset objects reloaded before import = 0
Number of asset objects unloaded after import = 3
========================================================================
Received Import Request.
  Time since last request: 0.000045 seconds.
  path: Assets/Scenes/Sprites/gato_salta_0001.png
  artifactKey: Guid(a6b53e4d20113604b9a3d9cda8ee5fd1) Importer(815301076,1909f56bfc062723c751e8b465ee728b)
Start importing Assets/Scenes/Sprites/gato_salta_0001.png using Guid(a6b53e4d20113604b9a3d9cda8ee5fd1) Importer(815301076,1909f56bfc062723c751e8b465ee728b)  -> (artifact id: '46b5d2e4e4b2297e20179c588ae2b4fe') in 0.024059 seconds
Number of updated asset objects reloaded before import = 0
Number of asset objects unloaded after import = 3
========================================================================
Received Import Request.
  Time since last request: 0.000033 seconds.
  path: Assets/Scenes/Sprites/gato_respirando_0002 1.png
  artifactKey: Guid(3a572b15a057602408e0bbbbc866d963) Importer(815301076,1909f56bfc062723c751e8b465ee728b)
Start importing Assets/Scenes/Sprites/gato_respirando_0002 1.png using Guid(3a572b15a057602408e0bbbbc866d963) Importer(815301076,1909f56bfc062723c751e8b465ee728b)  -> (artifact id: '4dd5e1af6361044ca7f9bf15caacee78') in 0.010901 seconds
Number of updated asset objects reloaded before import = 0
Number of asset objects unloaded after import = 3
========================================================================
Received Import Request.
  Time since last request: 0.000014 seconds.
  path: Assets/Scenes/Sprites/gato_caminar_0002.png
  artifactKey: Guid(536911d8ef789494ba854967e791185b) Importer(815301076,1909f56bfc062723c751e8b465ee728b)
Start importing Assets/Scenes/Sprites/gato_caminar_0002.png using Guid(536911d8ef789494ba854967e791185b) Importer(815301076,1909f56bfc062723c751e8b465ee728b)  -> (artifact id: '4b8e2610a685b507610c16ebdf83e90a') in 0.021073 seconds
Number of updated asset objects reloaded before import = 0
Number of asset objects unloaded after import = 3
========================================================================
Received Import Request.
  Time since last request: 0.000037 seconds.
  path: Assets/Scenes/Sprites/gusano 1.png
  artifactKey: Guid(945b4119ec9119445acd972397f7c2a6) Importer(815301076,1909f56bfc062723c751e8b465ee728b)
Start importing Assets/Scenes/Sprites/gusano 1.png using Guid(945b4119ec9119445acd972397f7c2a6) Importer(815301076,1909f56bfc062723c751e8b465ee728b)  -> (artifact id: '06fe788f41be774973e4b9f88ec61464') in 0.011579 seconds
Number of updated asset objects reloaded before import = 0
Number of asset objects unloaded after import = 3
========================================================================
Received Import Request.
  Time since last request: 0.000016 seconds.
  path: Assets/Scenes/Sprites/gato_caminar_0002 1.png
  artifactKey: Guid(67ff3634ebaae0d4b94a290aa1a9366a) Importer(815301076,1909f56bfc062723c751e8b465ee728b)
Start importing Assets/Scenes/Sprites/gato_caminar_0002 1.png using Guid(67ff3634ebaae0d4b94a290aa1a9366a) Importer(815301076,1909f56bfc062723c751e8b465ee728b)  -> (artifact id: '9bab3b7c446d5faeb829871f0df525d9') in 0.011063 seconds
Number of updated asset objects reloaded before import = 0
Number of asset objects unloaded after import = 3
========================================================================
Received Import Request.
  Time since last request: 26.998966 seconds.
  path: Assets/Scenes/Sprites/game_over 1.png
  artifactKey: Guid(ba3973f1ec2b1494e81c9bd7046b1bb9) Importer(815301076,1909f56bfc062723c751e8b465ee728b)
Start importing Assets/Scenes/Sprites/game_over 1.png using Guid(ba3973f1ec2b1494e81c9bd7046b1bb9) Importer(815301076,1909f56bfc062723c751e8b465ee728b)  -> (artifact id: 'f17bab41dd6a474351c4f2d80a3b8560') in 0.012582 seconds
Number of updated asset objects reloaded before import = 0
Number of asset objects unloaded after import = 3
========================================================================
Received Import Request.
  Time since last request: 0.000014 seconds.
  path: Assets/Scenes/Sprites/paloma_0001.png
  artifactKey: Guid(49d26ed724743dc42b97c3d2d341f4f5) Importer(815301076,1909f56bfc062723c751e8b465ee728b)
Start importing Assets/Scenes/Sprites/paloma_0001.png using Guid(49d26ed724743dc42b97c3d2d341f4f5) Importer(815301076,1909f56bfc062723c751e8b465ee728b)  -> (artifact id: 'db26f50d934439e9d79b63dc07cfce73') in 0.012487 seconds
Number of updated asset objects reloaded before import = 0
Number of asset objects unloaded after import = 3
========================================================================
Received Import Request.
  Time since last request: 0.000018 seconds.
  path: Assets/Scenes/Sprites/trampa_xorrazo_0005.png
  artifactKey: Guid(d055c7f3edee69f43a2b28141fd3ba38) Importer(815301076,1909f56bfc062723c751e8b465ee728b)
Start importing Assets/Scenes/Sprites/trampa_xorrazo_0005.png using Guid(d055c7f3edee69f43a2b28141fd3ba38) Importer(815301076,1909f56bfc062723c751e8b465ee728b)  -> (artifact id: '31bb5e4bebf0d4909edc7a719bb9f506') in 0.011898 seconds
Number of updated asset objects reloaded before import = 0
Number of asset objects unloaded after import = 3
========================================================================
Received Import Request.
  Time since last request: 0.000028 seconds.
  path: Assets/Scenes/Sprites/menty 4k.png
  artifactKey: Guid(d67e2d41cade6bb4a8cb6dee890ed7a9) Importer(815301076,1909f56bfc062723c751e8b465ee728b)
Start importing Assets/Scenes/Sprites/menty 4k.png using Guid(d67e2d41cade6bb4a8cb6dee890ed7a9) Importer(815301076,1909f56bfc062723c751e8b465ee728b)  -> (artifact id: '16965c595acd3bd2ed96132084895ca8') in 0.026012 seconds
Number of updated asset objects reloaded before import = 0
Number of asset objects unloaded after import = 3
========================================================================
Received Import Request.
  Time since last request: 0.000013 seconds.
  path: Assets/Scenes/Sprites/gato_respirando_0001.png
  artifactKey: Guid(7a6608b168793d04c86d0f3420434862) Importer(815301076,1909f56bfc062723c751e8b465ee728b)
Start importing Assets/Scenes/Sprites/gato_respirando_0001.png using Guid(7a6608b168793d04c86d0f3420434862) Importer(815301076,1909f56bfc062723c751e8b465ee728b)  -> (artifact id: '6d87d041a69d171a5ecce65dbb5979d0') in 0.015003 seconds
Number of updated asset objects reloaded before import = 0
Number of asset objects unloaded after import = 3
========================================================================
Received Import Request.
  Time since last request: 0.000023 seconds.
  path: Assets/Scenes/Sprites/trampa_xorrazo_0003.png
  artifactKey: Guid(76392ebe54c12fe409f00fbdc271c9ed) Importer(815301076,1909f56bfc062723c751e8b465ee728b)
Start importing Assets/Scenes/Sprites/trampa_xorrazo_0003.png using Guid(76392ebe54c12fe409f00fbdc271c9ed) Importer(815301076,1909f56bfc062723c751e8b465ee728b)  -> (artifact id: '3c19cb2c43727c119ca1e99b19cd9da5') in 0.017758 seconds
Number of updated asset objects reloaded before import = 0
Number of asset objects unloaded after import = 3
========================================================================
Received Import Request.
  Time since last request: 0.000015 seconds.
  path: Assets/Scenes/Sprites/gato_salta_0004 1.png
  artifactKey: Guid(5070cad759464e54abebcf13b1b48c69) Importer(815301076,1909f56bfc062723c751e8b465ee728b)
Start importing Assets/Scenes/Sprites/gato_salta_0004 1.png using Guid(5070cad759464e54abebcf13b1b48c69) Importer(815301076,1909f56bfc062723c751e8b465ee728b)  -> (artifact id: '94ef9aa4262e3d2003e9da0ae5391a4e') in 0.020079 seconds
Number of updated asset objects reloaded before import = 0
Number of asset objects unloaded after import = 3
========================================================================
Received Import Request.
  Time since last request: 0.000028 seconds.
  path: Assets/Scenes/Sprites/gato_ataque_0001 1.png
  artifactKey: Guid(b6f4f9fa93e249a479dd9de24819565d) Importer(815301076,1909f56bfc062723c751e8b465ee728b)
Start importing Assets/Scenes/Sprites/gato_ataque_0001 1.png using Guid(b6f4f9fa93e249a479dd9de24819565d) Importer(815301076,1909f56bfc062723c751e8b465ee728b)  -> (artifact id: '1ac5e03615f00e885c3f6c48884ac605') in 0.014856 seconds
Number of updated asset objects reloaded before import = 0
Number of asset objects unloaded after import = 3
========================================================================
Received Import Request.
  Time since last request: 0.000017 seconds.
  path: Assets/Scenes/Sprites/gato_caminar_0003 1.png
  artifactKey: Guid(f38fac80e6e679f439f988f6f3f21bce) Importer(815301076,1909f56bfc062723c751e8b465ee728b)
Start importing Assets/Scenes/Sprites/gato_caminar_0003 1.png using Guid(f38fac80e6e679f439f988f6f3f21bce) Importer(815301076,1909f56bfc062723c751e8b465ee728b)  -> (artifact id: 'a10e6fd5608020c782f9afb0b77e8b0f') in 0.010376 seconds
Number of updated asset objects reloaded before import = 0
Number of asset objects unloaded after import = 3
========================================================================
Received Import Request.
  Time since last request: 0.000016 seconds.
  path: Assets/Scenes/Sprites/gato_respirando_0001 1.png
  artifactKey: Guid(23e9547f456808041b190d15271cf005) Importer(815301076,1909f56bfc062723c751e8b465ee728b)
Start importing Assets/Scenes/Sprites/gato_respirando_0001 1.png using Guid(23e9547f456808041b190d15271cf005) Importer(815301076,1909f56bfc062723c751e8b465ee728b)  -> (artifact id: '02a0d40a536502295e7ae5d373ae70aa') in 0.015038 seconds
Number of updated asset objects reloaded before import = 0
Number of asset objects unloaded after import = 3
========================================================================
Received Import Request.
  Time since last request: 0.000026 seconds.
  path: Assets/Scenes/Sprites/gato_ataque_0004.png
  artifactKey: Guid(d6061aa397a6f894990e25610296be4a) Importer(815301076,1909f56bfc062723c751e8b465ee728b)
Start importing Assets/Scenes/Sprites/gato_ataque_0004.png using Guid(d6061aa397a6f894990e25610296be4a) Importer(815301076,1909f56bfc062723c751e8b465ee728b)  -> (artifact id: '13be81c169730498b2a680313f60c17b') in 0.012571 seconds
Number of updated asset objects reloaded before import = 0
Number of asset objects unloaded after import = 3
========================================================================
Received Import Request.
  Time since last request: 0.000019 seconds.
  path: Assets/Scenes/Sprites/paloma_0001 1.png
  artifactKey: Guid(c81550b6a8c3d2d4a90deb13c5df7784) Importer(815301076,1909f56bfc062723c751e8b465ee728b)
Start importing Assets/Scenes/Sprites/paloma_0001 1.png using Guid(c81550b6a8c3d2d4a90deb13c5df7784) Importer(815301076,1909f56bfc062723c751e8b465ee728b)  -> (artifact id: '33935dd74c5786903b3e1d268ba4f085') in 0.009016 seconds
Number of updated asset objects reloaded before import = 0
Number of asset objects unloaded after import = 3
========================================================================
Received Import Request.
  Time since last request: 0.000014 seconds.
  path: Assets/Scenes/Sprites/gato_ataque_0002.png
  artifactKey: Guid(8eed79fd935cc1d459fcc04f9b0b3398) Importer(815301076,1909f56bfc062723c751e8b465ee728b)
Start importing Assets/Scenes/Sprites/gato_ataque_0002.png using Guid(8eed79fd935cc1d459fcc04f9b0b3398) Importer(815301076,1909f56bfc062723c751e8b465ee728b)  -> (artifact id: 'bea19a4271cb73ae9c9e1258157ea34a') in 0.015210 seconds
Number of updated asset objects reloaded before import = 0
Number of asset objects unloaded after import = 3
========================================================================
Received Import Request.
  Time since last request: 0.000019 seconds.
  path: Assets/Scenes/Sprites/gato_respirando_0002 1.png
  artifactKey: Guid(3a572b15a057602408e0bbbbc866d963) Importer(815301076,1909f56bfc062723c751e8b465ee728b)
Start importing Assets/Scenes/Sprites/gato_respirando_0002 1.png using Guid(3a572b15a057602408e0bbbbc866d963) Importer(815301076,1909f56bfc062723c751e8b465ee728b)  -> (artifact id: 'cf9f38525f86bdabfb31abf7e49c7847') in 0.012610 seconds
Number of updated asset objects reloaded before import = 0
Number of asset objects unloaded after import = 3
========================================================================
Received Import Request.
  Time since last request: 0.000015 seconds.
  path: Assets/Scenes/Sprites/gato_caminar_0001.png
  artifactKey: Guid(fcef2e3c6ae15a34eb1e95fcc6983604) Importer(815301076,1909f56bfc062723c751e8b465ee728b)
Start importing Assets/Scenes/Sprites/gato_caminar_0001.png using Guid(fcef2e3c6ae15a34eb1e95fcc6983604) Importer(815301076,1909f56bfc062723c751e8b465ee728b)  -> (artifact id: '74d6dea00d4577545beec2c29acba251') in 0.012690 seconds
Number of updated asset objects reloaded before import = 0
Number of asset objects unloaded after import = 3
========================================================================
Received Import Request.
  Time since last request: 0.000014 seconds.
  path: Assets/Scenes/Sprites/gusano 1.png
  artifactKey: Guid(945b4119ec9119445acd972397f7c2a6) Importer(815301076,1909f56bfc062723c751e8b465ee728b)
Start importing Assets/Scenes/Sprites/gusano 1.png using Guid(945b4119ec9119445acd972397f7c2a6) Importer(815301076,1909f56bfc062723c751e8b465ee728b)  -> (artifact id: '1c94452f9af4a56d3560650890976a13') in 0.011466 seconds
Number of updated asset objects reloaded before import = 0
Number of asset objects unloaded after import = 3
========================================================================
Received Import Request.
  Time since last request: 0.000019 seconds.
  path: Assets/Scenes/Sprites/gato_salta_0002 1.png
  artifactKey: Guid(10e0bbc91bd6dbe48891f2da01c52e22) Importer(815301076,1909f56bfc062723c751e8b465ee728b)
Start importing Assets/Scenes/Sprites/gato_salta_0002 1.png using Guid(10e0bbc91bd6dbe48891f2da01c52e22) Importer(815301076,1909f56bfc062723c751e8b465ee728b)  -> (artifact id: '034daf6001508bb4b600c6e818c94ea6') in 0.010189 seconds
Number of updated asset objects reloaded before import = 0
Number of asset objects unloaded after import = 3
========================================================================
Received Import Request.
  Time since last request: 14.938499 seconds.
  path: Assets/Scenes/Sprites/banco.png
  artifactKey: Guid(31250d6d4b2a48f4eb14422204cc0ac9) Importer(815301076,1909f56bfc062723c751e8b465ee728b)
Start importing Assets/Scenes/Sprites/banco.png using Guid(31250d6d4b2a48f4eb14422204cc0ac9) Importer(815301076,1909f56bfc062723c751e8b465ee728b)  -> (artifact id: '464b10dbad4fc0389688db55a45bb91d') in 0.025086 seconds
Number of updated asset objects reloaded before import = 0
Number of asset objects unloaded after import = 3
========================================================================
Received Import Request.
  Time since last request: 0.000021 seconds.
  path: Assets/Scenes/Sprites/casa_rascador_azul.png
  artifactKey: Guid(680b28947033faf498b5040a59a69a00) Importer(815301076,1909f56bfc062723c751e8b465ee728b)
Start importing Assets/Scenes/Sprites/casa_rascador_azul.png using Guid(680b28947033faf498b5040a59a69a00) Importer(815301076,1909f56bfc062723c751e8b465ee728b)  -> (artifact id: 'da09f0ac27cfc940911b093d42709ea5') in 0.026017 seconds
Number of updated asset objects reloaded before import = 0
Number of asset objects unloaded after import = 3
========================================================================
Received Import Request.
  Time since last request: 0.000020 seconds.
  path: Assets/Scenes/Sprites/boton_lima 1.png
  artifactKey: Guid(76a64c0ba367d2841bac0b44fad4f854) Importer(815301076,1909f56bfc062723c751e8b465ee728b)
Start importing Assets/Scenes/Sprites/boton_lima 1.png using Guid(76a64c0ba367d2841bac0b44fad4f854) Importer(815301076,1909f56bfc062723c751e8b465ee728b)  -> (artifact id: 'e29bf0c64781a7b364c7a18c296f0951') in 0.009826 seconds
Number of updated asset objects reloaded before import = 0
Number of asset objects unloaded after import = 3
========================================================================
Received Import Request.
  Time since last request: 0.000018 seconds.
  path: Assets/Scenes/Sprites/boton_rosa 1.png
  artifactKey: Guid(2b78b8acc3c1bec4c91c8a9e028b37fd) Importer(815301076,1909f56bfc062723c751e8b465ee728b)
Start importing Assets/Scenes/Sprites/boton_rosa 1.png using Guid(2b78b8acc3c1bec4c91c8a9e028b37fd) Importer(815301076,1909f56bfc062723c751e8b465ee728b)  -> (artifact id: 'a830d1f87586f72897828aa3e8a6e48d') in 0.020150 seconds
Number of updated asset objects reloaded before import = 0
Number of asset objects unloaded after import = 3
========================================================================
Received Import Request.
  Time since last request: 0.000023 seconds.
  path: Assets/Scenes/Sprites/boton_rosa.png
  artifactKey: Guid(7ce532709e8524f40bb57e6d1bb75591) Importer(815301076,1909f56bfc062723c751e8b465ee728b)
Start importing Assets/Scenes/Sprites/boton_rosa.png using Guid(7ce532709e8524f40bb57e6d1bb75591) Importer(815301076,1909f56bfc062723c751e8b465ee728b)  -> (artifact id: '466409b28e63b09073e24aa1d67def5b') in 0.009319 seconds
Number of updated asset objects reloaded before import = 0
Number of asset objects unloaded after import = 3
========================================================================
Received Import Request.
  Time since last request: 0.000016 seconds.
  path: Assets/Scenes/Sprites/fondo lvl 1.png
  artifactKey: Guid(0729b8c8b0a4ac341abfd93fb81bb511) Importer(815301076,1909f56bfc062723c751e8b465ee728b)
Start importing Assets/Scenes/Sprites/fondo lvl 1.png using Guid(0729b8c8b0a4ac341abfd93fb81bb511) Importer(815301076,1909f56bfc062723c751e8b465ee728b)  -> (artifact id: 'd4be48575629ff3544f50d9b78ef59bc') in 0.022186 seconds
Number of updated asset objects reloaded before import = 0
Number of asset objects unloaded after import = 3
