Using pre-set license
Built from '2022.3/release' branch; Version is '2022.3.5f1 (9674261d40ee) revision 9860134'; Using compiler version '192829333'; Build Type 'Release'
OS: 'Windows 10  (10.0.19045) 64bit Professional' Language: 'es' Physical Memory: 8129 MB
BatchMode: 1, IsHumanControllingUs: 0, StartBugReporterOnCrash: 0, Is64bit: 1, IsPro: 1

COMMAND LINE ARGUMENTS:
C:\Program Files\Unity\Hub\Editor\2022.3.5f1\Editor\Unity.exe
-adb2
-batchMode
-noUpm
-name
AssetImportWorker1
-projectPath
C:/Users/Alumne/Documents/GitHub/Silly_kitty__paw_of_Minty_MartaG/Silly_kitty__paw_of_Minty
-logFile
Logs/AssetImportWorker1.log
-srvPort
50302
Successfully changed project path to: C:/Users/Alumne/Documents/GitHub/Silly_kitty__paw_of_Minty_MartaG/Silly_kitty__paw_of_Minty
C:/Users/Alumne/Documents/GitHub/Silly_kitty__paw_of_Minty_MartaG/Silly_kitty__paw_of_Minty
[UnityMemory] Configuration Parameters - Can be set up in boot.config
    "memorysetup-bucket-allocator-granularity=16"
    "memorysetup-bucket-allocator-bucket-count=8"
    "memorysetup-bucket-allocator-block-size=33554432"
    "memorysetup-bucket-allocator-block-count=8"
    "memorysetup-main-allocator-block-size=16777216"
    "memorysetup-thread-allocator-block-size=16777216"
    "memorysetup-gfx-main-allocator-block-size=16777216"
    "memorysetup-gfx-thread-allocator-block-size=16777216"
    "memorysetup-cache-allocator-block-size=4194304"
    "memorysetup-typetree-allocator-block-size=2097152"
    "memorysetup-profiler-bucket-allocator-granularity=16"
    "memorysetup-profiler-bucket-allocator-bucket-count=8"
    "memorysetup-profiler-bucket-allocator-block-size=33554432"
    "memorysetup-profiler-bucket-allocator-block-count=8"
    "memorysetup-profiler-allocator-block-size=16777216"
    "memorysetup-profiler-editor-allocator-block-size=1048576"
    "memorysetup-temp-allocator-size-main=16777216"
    "memorysetup-job-temp-allocator-block-size=2097152"
    "memorysetup-job-temp-allocator-block-size-background=1048576"
    "memorysetup-job-temp-allocator-reduction-small-platforms=262144"
    "memorysetup-allocator-temp-initial-block-size-main=262144"
    "memorysetup-allocator-temp-initial-block-size-worker=262144"
    "memorysetup-temp-allocator-size-background-worker=32768"
    "memorysetup-temp-allocator-size-job-worker=262144"
    "memorysetup-temp-allocator-size-preload-manager=33554432"
    "memorysetup-temp-allocator-size-nav-mesh-worker=65536"
    "memorysetup-temp-allocator-size-audio-worker=65536"
    "memorysetup-temp-allocator-size-cloud-worker=32768"
    "memorysetup-temp-allocator-size-gi-baking-worker=262144"
    "memorysetup-temp-allocator-size-gfx=262144"
Player connection [14332] Host "[IP] 192.168.1.199 [Port] 0 [Flags] 2 [Guid] 180047855 [EditorId] 180047855 [Version] 1048832 [Id] WindowsEditor(7,DESKTOP-9UHH49A) [Debug] 1 [PackageName] WindowsEditor [ProjectName] Editor" joined multi-casting on [225.0.0.222:54997]...

Player connection [14332] Host "[IP] 192.168.1.199 [Port] 0 [Flags] 2 [Guid] 180047855 [EditorId] 180047855 [Version] 1048832 [Id] WindowsEditor(7,DESKTOP-9UHH49A) [Debug] 1 [PackageName] WindowsEditor [ProjectName] Editor" joined alternative multi-casting on [225.0.0.222:34997]...

Refreshing native plugins compatible for Editor in 0.00 ms, found 0 plugins.
Preloading 0 native plugins for Editor in 0.00 ms.
Initialize engine version: 2022.3.5f1 (9674261d40ee)
[Subsystems] Discovering subsystems at path C:/Program Files/Unity/Hub/Editor/2022.3.5f1/Editor/Data/Resources/UnitySubsystems
[Subsystems] Discovering subsystems at path C:/Users/Alumne/Documents/GitHub/Silly_kitty__paw_of_Minty_MartaG/Silly_kitty__paw_of_Minty/Assets
GfxDevice: creating device client; threaded=0; jobified=0
Direct3D:
    Version:  Direct3D 11.0 [level 11.1]
    Renderer: NVIDIA GeForce GTX 1050 (ID=0x1c81)
    Vendor:   NVIDIA
    VRAM:     1976 MB
    Driver:   31.0.15.3623
Initialize mono
Mono path[0] = 'C:/Program Files/Unity/Hub/Editor/2022.3.5f1/Editor/Data/Managed'
Mono path[1] = 'C:/Program Files/Unity/Hub/Editor/2022.3.5f1/Editor/Data/MonoBleedingEdge/lib/mono/unityjit-win32'
Mono config path = 'C:/Program Files/Unity/Hub/Editor/2022.3.5f1/Editor/Data/MonoBleedingEdge/etc'
Using monoOptions --debugger-agent=transport=dt_socket,embedding=1,server=y,suspend=n,address=127.0.0.1:56996
Begin MonoManager ReloadAssembly
Registering precompiled unity dll's ...
Register platform support module: C:/Program Files/Unity/Hub/Editor/2022.3.5f1/Editor/Data/PlaybackEngines/WindowsStandaloneSupport/UnityEditor.WindowsStandalone.Extensions.dll
Registered in 0.011884 seconds.
- Loaded All Assemblies, in  0.796 seconds
Native extension for WindowsStandalone target not found
Mono: successfully reloaded assembly
- Finished resetting the current domain, in  0.478 seconds
Domain Reload Profiling: 1272ms
	BeginReloadAssembly (370ms)
		ExecutionOrderSort (0ms)
		DisableScriptedObjects (0ms)
		BackupInstance (0ms)
		ReleaseScriptingObjects (0ms)
		CreateAndSetChildDomain (1ms)
	RebuildCommonClasses (56ms)
	RebuildNativeTypeToScriptingClass (21ms)
	initialDomainReloadingComplete (100ms)
	LoadAllAssembliesAndSetupDomain (246ms)
		LoadAssemblies (365ms)
		RebuildTransferFunctionScriptingTraits (0ms)
		AnalyzeDomain (235ms)
			TypeCache.Refresh (234ms)
				TypeCache.ScanAssembly (209ms)
			ScanForSourceGeneratedMonoScriptInfo (1ms)
			ResolveRequiredComponents (1ms)
	FinalizeReload (479ms)
		ReleaseScriptCaches (0ms)
		RebuildScriptCaches (0ms)
		SetupLoadedEditorAssemblies (370ms)
			LogAssemblyErrors (0ms)
			InitializePlatformSupportModulesInManaged (17ms)
			SetLoadedEditorAssemblies (13ms)
			RefreshPlugins (0ms)
			BeforeProcessingInitializeOnLoad (3ms)
			ProcessInitializeOnLoadAttributes (254ms)
			ProcessInitializeOnLoadMethodAttributes (84ms)
			AfterProcessingInitializeOnLoad (0ms)
			EditorAssembliesLoaded (0ms)
		ExecutionOrderSort2 (0ms)
		AwakeInstancesAfterBackupRestoration (0ms)
========================================================================
Worker process is ready to serve import requests
Begin MonoManager ReloadAssembly
- Loaded All Assemblies, in  0.638 seconds
Refreshing native plugins compatible for Editor in 0.00 ms, found 0 plugins.
Native extension for WindowsStandalone target not found
Mono: successfully reloaded assembly
- Finished resetting the current domain, in  0.547 seconds
Domain Reload Profiling: 1181ms
	BeginReloadAssembly (238ms)
		ExecutionOrderSort (0ms)
		DisableScriptedObjects (10ms)
		BackupInstance (0ms)
		ReleaseScriptingObjects (0ms)
		CreateAndSetChildDomain (33ms)
	RebuildCommonClasses (63ms)
	RebuildNativeTypeToScriptingClass (25ms)
	initialDomainReloadingComplete (45ms)
	LoadAllAssembliesAndSetupDomain (262ms)
		LoadAssemblies (144ms)
		RebuildTransferFunctionScriptingTraits (0ms)
		AnalyzeDomain (249ms)
			TypeCache.Refresh (242ms)
				TypeCache.ScanAssembly (226ms)
			ScanForSourceGeneratedMonoScriptInfo (3ms)
			ResolveRequiredComponents (4ms)
	FinalizeReload (548ms)
		ReleaseScriptCaches (0ms)
		RebuildScriptCaches (0ms)
		SetupLoadedEditorAssemblies (296ms)
			LogAssemblyErrors (0ms)
			InitializePlatformSupportModulesInManaged (12ms)
			SetLoadedEditorAssemblies (10ms)
			RefreshPlugins (0ms)
			BeforeProcessingInitializeOnLoad (70ms)
			ProcessInitializeOnLoadAttributes (168ms)
			ProcessInitializeOnLoadMethodAttributes (24ms)
			AfterProcessingInitializeOnLoad (12ms)
			EditorAssembliesLoaded (0ms)
		ExecutionOrderSort2 (0ms)
		AwakeInstancesAfterBackupRestoration (11ms)
Launched and connected shader compiler UnityShaderCompiler.exe after 0.10 seconds
Refreshing native plugins compatible for Editor in 0.00 ms, found 0 plugins.
Preloading 0 native plugins for Editor in 0.00 ms.
Unloading 268 Unused Serialized files (Serialized files now loaded: 0)
Unloading 6 unused Assets / (48.6 KB). Loaded Objects now: 739.
Memory consumption went from 51.6 MB to 51.6 MB.
Total: 3.162100 ms (FindLiveObjects: 0.098000 ms CreateObjectMapping: 0.018000 ms MarkObjects: 2.950500 ms  DeleteObjects: 0.093900 ms)

AssetImportParameters requested are different than current active one (requested -> active):
  custom:video-encoder-webm-vp8: eb34c28f22e8b96e1ab97ce403110664 -> 
  custom:video-decoder-webm-vp8: 9c59270c3fd7afecdb556c50c9e8de78 -> 
  custom:audio-decoder-ogg-vorbis: bf7c407c2cedff20999df2af8eb42d56 -> 
  custom:video-decoder-ogg-theora: a1e56fd34408186e4bbccfd4996cb3dc -> 
  custom:audio-encoder-webm-vorbis: bf7c407c2cedff20999df2af8eb42d56 -> 
  custom:container-demuxer-webm: 4f35f7cbe854078d1ac9338744f61a02 -> 
  custom:container-muxer-webm: aa71ff27fc2769a1b78a27578f13a17b -> 
  custom:container-demuxer-ogg: 62fdf1f143b41e24485cea50d1cbac27 -> 
  custom:AudioImporter_EditorPlatform: d09bf68614088b80899f8185d706f6e7 -> 
  custom:framework-win-MediaFoundation: 216162199b28c13a410421893ffa2e32 -> 
========================================================================
Received Import Request.
  Time since last request: 691.009774 seconds.
  path: Assets/Scenes
  artifactKey: Guid(d6320b5347bc57d4bb612c7c1f893be9) Importer(815301076,1909f56bfc062723c751e8b465ee728b)
Start importing Assets/Scenes using Guid(d6320b5347bc57d4bb612c7c1f893be9) Importer(815301076,1909f56bfc062723c751e8b465ee728b)  -> (artifact id: 'c0d8e5c675fa397dbce2b5e67ff86127') in 0.008382 seconds
Number of updated asset objects reloaded before import = 0
Number of asset objects unloaded after import = 0
========================================================================
Received Import Request.
  Time since last request: 0.000019 seconds.
  path: Assets/Scenes/Gato.physicsMaterial2D
  artifactKey: Guid(70cdc98f2e637424191c9bcef9134149) Importer(815301076,1909f56bfc062723c751e8b465ee728b)
Start importing Assets/Scenes/Gato.physicsMaterial2D using Guid(70cdc98f2e637424191c9bcef9134149) Importer(815301076,1909f56bfc062723c751e8b465ee728b)  -> (artifact id: 'c74ae8660ab97e8f589d9b57ad689c70') in 0.027983 seconds
Number of updated asset objects reloaded before import = 0
Number of asset objects unloaded after import = 1
========================================================================
Received Import Request.
  Time since last request: 0.000020 seconds.
  path: Assets/Super Mario Bros. 2.ttf
  artifactKey: Guid(54c636ff7cc4d164aa86f30519988bc7) Importer(815301076,1909f56bfc062723c751e8b465ee728b)
Start importing Assets/Super Mario Bros. 2.ttf using Guid(54c636ff7cc4d164aa86f30519988bc7) Importer(815301076,1909f56bfc062723c751e8b465ee728b)  -> (artifact id: '2f2b05513937856ef9efbd7be91c2ef5') in 0.318374 seconds
Number of updated asset objects reloaded before import = 0
Number of asset objects unloaded after import = 4
========================================================================
Received Prepare
Begin MonoManager ReloadAssembly
- Loaded All Assemblies, in  0.260 seconds
Refreshing native plugins compatible for Editor in 0.00 ms, found 0 plugins.
Native extension for WindowsStandalone target not found
Mono: successfully reloaded assembly
- Finished resetting the current domain, in  0.437 seconds
Domain Reload Profiling: 695ms
	BeginReloadAssembly (156ms)
		ExecutionOrderSort (0ms)
		DisableScriptedObjects (6ms)
		BackupInstance (0ms)
		ReleaseScriptingObjects (0ms)
		CreateAndSetChildDomain (26ms)
	RebuildCommonClasses (41ms)
	RebuildNativeTypeToScriptingClass (15ms)
	initialDomainReloadingComplete (33ms)
	LoadAllAssembliesAndSetupDomain (13ms)
		LoadAssemblies (94ms)
		RebuildTransferFunctionScriptingTraits (0ms)
		AnalyzeDomain (3ms)
			TypeCache.Refresh (0ms)
				TypeCache.ScanAssembly (0ms)
			ScanForSourceGeneratedMonoScriptInfo (0ms)
			ResolveRequiredComponents (2ms)
	FinalizeReload (437ms)
		ReleaseScriptCaches (0ms)
		RebuildScriptCaches (0ms)
		SetupLoadedEditorAssemblies (251ms)
			LogAssemblyErrors (0ms)
			InitializePlatformSupportModulesInManaged (9ms)
			SetLoadedEditorAssemblies (6ms)
			RefreshPlugins (0ms)
			BeforeProcessingInitializeOnLoad (47ms)
			ProcessInitializeOnLoadAttributes (154ms)
			ProcessInitializeOnLoadMethodAttributes (24ms)
			AfterProcessingInitializeOnLoad (10ms)
			EditorAssembliesLoaded (0ms)
		ExecutionOrderSort2 (0ms)
		AwakeInstancesAfterBackupRestoration (8ms)
Refreshing native plugins compatible for Editor in 0.00 ms, found 0 plugins.
Preloading 0 native plugins for Editor in 0.00 ms.
Unloading 262 Unused Serialized files (Serialized files now loaded: 0)
Unloading 4 unused Assets / (22.7 KB). Loaded Objects now: 784.
Memory consumption went from 55.4 MB to 55.4 MB.
Total: 2.539200 ms (FindLiveObjects: 0.089100 ms CreateObjectMapping: 0.016100 ms MarkObjects: 2.404400 ms  DeleteObjects: 0.027900 ms)

Prepare: number of updated asset objects reloaded= 0
AssetImportParameters requested are different than current active one (requested -> active):
  custom:video-encoder-webm-vp8: eb34c28f22e8b96e1ab97ce403110664 -> 
  custom:video-decoder-webm-vp8: 9c59270c3fd7afecdb556c50c9e8de78 -> 
  custom:audio-decoder-ogg-vorbis: bf7c407c2cedff20999df2af8eb42d56 -> 
  custom:video-decoder-ogg-theora: a1e56fd34408186e4bbccfd4996cb3dc -> 
  custom:audio-encoder-webm-vorbis: bf7c407c2cedff20999df2af8eb42d56 -> 
  custom:container-demuxer-webm: 4f35f7cbe854078d1ac9338744f61a02 -> 
  custom:container-muxer-webm: aa71ff27fc2769a1b78a27578f13a17b -> 
  custom:container-demuxer-ogg: 62fdf1f143b41e24485cea50d1cbac27 -> 
  custom:AudioImporter_EditorPlatform: d09bf68614088b80899f8185d706f6e7 -> 
  custom:CustomObjectIndexerAttribute: 756ad292c208cfabdd7b50bc23989ffe -> 
  custom:framework-win-MediaFoundation: 216162199b28c13a410421893ffa2e32 -> 
========================================================================
Received Import Request.
  Time since last request: 201.743272 seconds.
  path: Assets/Scenes/Sprites/antonia 4k 1.png
  artifactKey: Guid(47e4dd4fda3c530499e12e3c4a10bc5b) Importer(815301076,1909f56bfc062723c751e8b465ee728b)
Start importing Assets/Scenes/Sprites/antonia 4k 1.png using Guid(47e4dd4fda3c530499e12e3c4a10bc5b) Importer(815301076,1909f56bfc062723c751e8b465ee728b)  -> (artifact id: 'f82801028b6c8c0740d5ef8045418136') in 0.849547 seconds
Number of updated asset objects reloaded before import = 0
Number of asset objects unloaded after import = 3
========================================================================
Received Import Request.
  Time since last request: 0.000031 seconds.
  path: Assets/Scenes/Sprites/gato_salta_0003.png
  artifactKey: Guid(0c630570544544c42aafdbe63ba7ece5) Importer(815301076,1909f56bfc062723c751e8b465ee728b)
Start importing Assets/Scenes/Sprites/gato_salta_0003.png using Guid(0c630570544544c42aafdbe63ba7ece5) Importer(815301076,1909f56bfc062723c751e8b465ee728b)  -> (artifact id: '997ce43205d760eaa56705ac7795c93d') in 0.613767 seconds
Number of updated asset objects reloaded before import = 0
Number of asset objects unloaded after import = 3
========================================================================
Received Import Request.
  Time since last request: 0.000032 seconds.
  path: Assets/Scenes/Sprites/casa_rascador_azul.png
  artifactKey: Guid(680b28947033faf498b5040a59a69a00) Importer(815301076,1909f56bfc062723c751e8b465ee728b)
Start importing Assets/Scenes/Sprites/casa_rascador_azul.png using Guid(680b28947033faf498b5040a59a69a00) Importer(815301076,1909f56bfc062723c751e8b465ee728b)  -> (artifact id: '3b22351921a3a5ff5bd36a6f07db0685') in 0.225463 seconds
Number of updated asset objects reloaded before import = 0
Number of asset objects unloaded after import = 3
========================================================================
Received Import Request.
  Time since last request: 0.000025 seconds.
  path: Assets/Scenes/Sprites/gato_salta_0003 1.png
  artifactKey: Guid(7227ff6139171bc4997f03a183733c3b) Importer(815301076,1909f56bfc062723c751e8b465ee728b)
Start importing Assets/Scenes/Sprites/gato_salta_0003 1.png using Guid(7227ff6139171bc4997f03a183733c3b) Importer(815301076,1909f56bfc062723c751e8b465ee728b)  -> (artifact id: 'aba38cab57a9bfd9d75814dab692436a') in 0.026957 seconds
Number of updated asset objects reloaded before import = 0
Number of asset objects unloaded after import = 3
========================================================================
Received Import Request.
  Time since last request: 0.000572 seconds.
  path: Assets/Scenes/Sprites/2/aire acondicionado.png
  artifactKey: Guid(3a3d3c18f2aa81441832233139a2e572) Importer(815301076,1909f56bfc062723c751e8b465ee728b)
Start importing Assets/Scenes/Sprites/2/aire acondicionado.png using Guid(3a3d3c18f2aa81441832233139a2e572) Importer(815301076,1909f56bfc062723c751e8b465ee728b)  -> (artifact id: 'c4a32a28f6bfcf715fcbf938dbf02be0') in 0.070835 seconds
Number of updated asset objects reloaded before import = 0
Number of asset objects unloaded after import = 3
========================================================================
Received Import Request.
  Time since last request: 0.000018 seconds.
  path: Assets/Scenes/Sprites/menty 4k.png
  artifactKey: Guid(d67e2d41cade6bb4a8cb6dee890ed7a9) Importer(815301076,1909f56bfc062723c751e8b465ee728b)
Start importing Assets/Scenes/Sprites/menty 4k.png using Guid(d67e2d41cade6bb4a8cb6dee890ed7a9) Importer(815301076,1909f56bfc062723c751e8b465ee728b)  -> (artifact id: '295625bd73d5e3240801aed8cff6c142') in 0.144128 seconds
Number of updated asset objects reloaded before import = 0
Number of asset objects unloaded after import = 3
========================================================================
Received Import Request.
  Time since last request: 0.002578 seconds.
  path: Assets/Scenes/Sprites/2/gato_respirando_2_0003.png
  artifactKey: Guid(75e0c53d2f9ceed4dad95f59dc2264de) Importer(815301076,1909f56bfc062723c751e8b465ee728b)
Start importing Assets/Scenes/Sprites/2/gato_respirando_2_0003.png using Guid(75e0c53d2f9ceed4dad95f59dc2264de) Importer(815301076,1909f56bfc062723c751e8b465ee728b)  -> (artifact id: '95044ad8d2733d9bf8b8695469833cf8') in 0.080368 seconds
Number of updated asset objects reloaded before import = 0
Number of asset objects unloaded after import = 3
========================================================================
Received Import Request.
  Time since last request: 0.000021 seconds.
  path: Assets/Scenes/Sprites/2/gato_caminar_2_0004.png
  artifactKey: Guid(edc1e3982e6e3674a8280a76e77c6c5c) Importer(815301076,1909f56bfc062723c751e8b465ee728b)
Start importing Assets/Scenes/Sprites/2/gato_caminar_2_0004.png using Guid(edc1e3982e6e3674a8280a76e77c6c5c) Importer(815301076,1909f56bfc062723c751e8b465ee728b)  -> (artifact id: 'a72560f0bd0c119db7ebccc1847094f0') in 0.555699 seconds
Number of updated asset objects reloaded before import = 0
Number of asset objects unloaded after import = 3
========================================================================
Received Import Request.
  Time since last request: 0.003775 seconds.
  path: Assets/Scenes/Sprites/casa_rascador_azul 1.png
  artifactKey: Guid(f4f233d3d4f750044b1f8748a87eaa71) Importer(815301076,1909f56bfc062723c751e8b465ee728b)
Start importing Assets/Scenes/Sprites/casa_rascador_azul 1.png using Guid(f4f233d3d4f750044b1f8748a87eaa71) Importer(815301076,1909f56bfc062723c751e8b465ee728b)  -> (artifact id: 'd219042e6ec56ca0712826648ea82a91') in 0.156980 seconds
Number of updated asset objects reloaded before import = 0
Number of asset objects unloaded after import = 3
========================================================================
Received Import Request.
  Time since last request: 0.000024 seconds.
  path: Assets/Scenes/Sprites/2/gato_salta_2_0002.png
  artifactKey: Guid(5192d580b1389554f85a43425747e351) Importer(815301076,1909f56bfc062723c751e8b465ee728b)
Start importing Assets/Scenes/Sprites/2/gato_salta_2_0002.png using Guid(5192d580b1389554f85a43425747e351) Importer(815301076,1909f56bfc062723c751e8b465ee728b)  -> (artifact id: 'a32756f0e474a924e554655a596ad3bd') in 0.169100 seconds
Number of updated asset objects reloaded before import = 0
Number of asset objects unloaded after import = 3
========================================================================
Received Import Request.
  Time since last request: 0.001017 seconds.
  path: Assets/Scenes/Sprites/paloma_0004.png
  artifactKey: Guid(501388697d716024fa39196a2b15080b) Importer(815301076,1909f56bfc062723c751e8b465ee728b)
Start importing Assets/Scenes/Sprites/paloma_0004.png using Guid(501388697d716024fa39196a2b15080b) Importer(815301076,1909f56bfc062723c751e8b465ee728b)  -> (artifact id: '3d750170f6664e18c94d1bd780ce1e5c') in 0.070565 seconds
Number of updated asset objects reloaded before import = 0
Number of asset objects unloaded after import = 3
========================================================================
Received Import Request.
  Time since last request: 0.001928 seconds.
  path: Assets/Scenes/Sprites/gato_ataque_0003 1.png
  artifactKey: Guid(02a79360d3a30374c9b065ba46c6ea23) Importer(815301076,1909f56bfc062723c751e8b465ee728b)
Start importing Assets/Scenes/Sprites/gato_ataque_0003 1.png using Guid(02a79360d3a30374c9b065ba46c6ea23) Importer(815301076,1909f56bfc062723c751e8b465ee728b)  -> (artifact id: '42853ce52f48a9625a0885d02692505b') in 0.287772 seconds
Number of updated asset objects reloaded before import = 0
Number of asset objects unloaded after import = 3
========================================================================
Received Import Request.
  Time since last request: 0.000023 seconds.
  path: Assets/Scenes/Sprites/gato_respirando_0001.png
  artifactKey: Guid(7a6608b168793d04c86d0f3420434862) Importer(815301076,1909f56bfc062723c751e8b465ee728b)
Start importing Assets/Scenes/Sprites/gato_respirando_0001.png using Guid(7a6608b168793d04c86d0f3420434862) Importer(815301076,1909f56bfc062723c751e8b465ee728b)  -> (artifact id: 'fdd472a37378250595124e1438152081') in 0.190581 seconds
Number of updated asset objects reloaded before import = 0
Number of asset objects unloaded after import = 3
========================================================================
Received Import Request.
  Time since last request: 0.000417 seconds.
  path: Assets/Scenes/Sprites/menty 4k 1.png
  artifactKey: Guid(f26f1a92222100c489450c71e42aaaec) Importer(815301076,1909f56bfc062723c751e8b465ee728b)
Start importing Assets/Scenes/Sprites/menty 4k 1.png using Guid(f26f1a92222100c489450c71e42aaaec) Importer(815301076,1909f56bfc062723c751e8b465ee728b)  -> (artifact id: '0ebbd6e8d32500aaa937d54d27be0273') in 0.178824 seconds
Number of updated asset objects reloaded before import = 0
Number of asset objects unloaded after import = 3
========================================================================
Received Import Request.
  Time since last request: 0.000529 seconds.
  path: Assets/Scenes/Sprites/gusano.png
  artifactKey: Guid(2af314034d70e60488653ef7933d31b9) Importer(815301076,1909f56bfc062723c751e8b465ee728b)
Start importing Assets/Scenes/Sprites/gusano.png using Guid(2af314034d70e60488653ef7933d31b9) Importer(815301076,1909f56bfc062723c751e8b465ee728b)  -> (artifact id: '8f03512e9b12afa24a906cc26d9b8114') in 0.471054 seconds
Number of updated asset objects reloaded before import = 0
Number of asset objects unloaded after import = 3
========================================================================
Received Import Request.
  Time since last request: 0.000020 seconds.
  path: Assets/Scenes/Sprites/2/gato_salta_2_0001.png
  artifactKey: Guid(b052517aaf6368d4393f2435fbb18316) Importer(815301076,1909f56bfc062723c751e8b465ee728b)
Start importing Assets/Scenes/Sprites/2/gato_salta_2_0001.png using Guid(b052517aaf6368d4393f2435fbb18316) Importer(815301076,1909f56bfc062723c751e8b465ee728b)  -> (artifact id: '41d8d415bf0a31545e0fe87b9e1f851b') in 0.131230 seconds
Number of updated asset objects reloaded before import = 0
Number of asset objects unloaded after import = 3
========================================================================
Received Import Request.
  Time since last request: 0.000638 seconds.
  path: Assets/Scenes/Sprites/atun.png
  artifactKey: Guid(55e144dc04fd2434fb7b61ed9b8cc65b) Importer(815301076,1909f56bfc062723c751e8b465ee728b)
Start importing Assets/Scenes/Sprites/atun.png using Guid(55e144dc04fd2434fb7b61ed9b8cc65b) Importer(815301076,1909f56bfc062723c751e8b465ee728b)  -> (artifact id: 'aeb25423a6315bbd599712595993ac57') in 0.421803 seconds
Number of updated asset objects reloaded before import = 0
Number of asset objects unloaded after import = 3
========================================================================
Received Import Request.
  Time since last request: 0.000023 seconds.
  path: Assets/Scenes/Sprites/banco.png
  artifactKey: Guid(31250d6d4b2a48f4eb14422204cc0ac9) Importer(815301076,1909f56bfc062723c751e8b465ee728b)
Start importing Assets/Scenes/Sprites/banco.png using Guid(31250d6d4b2a48f4eb14422204cc0ac9) Importer(815301076,1909f56bfc062723c751e8b465ee728b)  -> (artifact id: '8015b6af36f75f7c54819bf611c9b932') in 0.420451 seconds
Number of updated asset objects reloaded before import = 0
Number of asset objects unloaded after import = 3
========================================================================
Received Import Request.
  Time since last request: 0.000032 seconds.
  path: Assets/Scenes/Sprites/gato_respirando_0002.png
  artifactKey: Guid(9cbbb1e2d03ec944b8deee70c7e3a9b5) Importer(815301076,1909f56bfc062723c751e8b465ee728b)
Start importing Assets/Scenes/Sprites/gato_respirando_0002.png using Guid(9cbbb1e2d03ec944b8deee70c7e3a9b5) Importer(815301076,1909f56bfc062723c751e8b465ee728b)  -> (artifact id: 'd74794bc36feeb2874e5e04f968bcd94') in 0.190730 seconds
Number of updated asset objects reloaded before import = 0
Number of asset objects unloaded after import = 3
========================================================================
Received Import Request.
  Time since last request: 0.000060 seconds.
  path: Assets/Scenes/Sprites/gato_ataque_0001 1.png
  artifactKey: Guid(b6f4f9fa93e249a479dd9de24819565d) Importer(815301076,1909f56bfc062723c751e8b465ee728b)
Start importing Assets/Scenes/Sprites/gato_ataque_0001 1.png using Guid(b6f4f9fa93e249a479dd9de24819565d) Importer(815301076,1909f56bfc062723c751e8b465ee728b)  -> (artifact id: 'a1a61613b58ced9dfe9d3819bafb3cfa') in 0.154729 seconds
Number of updated asset objects reloaded before import = 0
Number of asset objects unloaded after import = 3
========================================================================
Received Import Request.
  Time since last request: 0.001588 seconds.
  path: Assets/Scenes/Sprites/gato_salta_0004 1.png
  artifactKey: Guid(5070cad759464e54abebcf13b1b48c69) Importer(815301076,1909f56bfc062723c751e8b465ee728b)
Start importing Assets/Scenes/Sprites/gato_salta_0004 1.png using Guid(5070cad759464e54abebcf13b1b48c69) Importer(815301076,1909f56bfc062723c751e8b465ee728b)  -> (artifact id: 'ece4b754bb0363956de273d4f906a3da') in 0.674360 seconds
Number of updated asset objects reloaded before import = 0
Number of asset objects unloaded after import = 3
========================================================================
Received Import Request.
  Time since last request: 0.001321 seconds.
  path: Assets/Scenes/Sprites/gato_caminar_0003 1.png
  artifactKey: Guid(f38fac80e6e679f439f988f6f3f21bce) Importer(815301076,1909f56bfc062723c751e8b465ee728b)
Start importing Assets/Scenes/Sprites/gato_caminar_0003 1.png using Guid(f38fac80e6e679f439f988f6f3f21bce) Importer(815301076,1909f56bfc062723c751e8b465ee728b)  -> (artifact id: 'fc9fc3844975f68b3298bb535736e507') in 0.411936 seconds
Number of updated asset objects reloaded before import = 0
Number of asset objects unloaded after import = 3
========================================================================
Received Import Request.
  Time since last request: 0.000140 seconds.
  path: Assets/Scenes/Sprites/2/gato_ataque_2_0003.png
  artifactKey: Guid(8870ac78b99de924ba1cd7719aac0f87) Importer(815301076,1909f56bfc062723c751e8b465ee728b)
Start importing Assets/Scenes/Sprites/2/gato_ataque_2_0003.png using Guid(8870ac78b99de924ba1cd7719aac0f87) Importer(815301076,1909f56bfc062723c751e8b465ee728b)  -> (artifact id: '7d5b95995bb0452c6c76b4cc7dbdca96') in 0.194721 seconds
Number of updated asset objects reloaded before import = 0
Number of asset objects unloaded after import = 3
========================================================================
Received Import Request.
  Time since last request: 0.001024 seconds.
  path: Assets/Scenes/Sprites/2/gato_ataque_2_0001.png
  artifactKey: Guid(a3cc2ffd22fbaf04cbd3fab173c9420f) Importer(815301076,1909f56bfc062723c751e8b465ee728b)
Start importing Assets/Scenes/Sprites/2/gato_ataque_2_0001.png using Guid(a3cc2ffd22fbaf04cbd3fab173c9420f) Importer(815301076,1909f56bfc062723c751e8b465ee728b)  -> (artifact id: '5cd15fcbb5d6756dbc211df313473750') in 0.070875 seconds
Number of updated asset objects reloaded before import = 0
Number of asset objects unloaded after import = 3
========================================================================
Received Import Request.
  Time since last request: 0.000034 seconds.
  path: Assets/Scenes/Sprites/paloma_0001 1.png
  artifactKey: Guid(c81550b6a8c3d2d4a90deb13c5df7784) Importer(815301076,1909f56bfc062723c751e8b465ee728b)
Start importing Assets/Scenes/Sprites/paloma_0001 1.png using Guid(c81550b6a8c3d2d4a90deb13c5df7784) Importer(815301076,1909f56bfc062723c751e8b465ee728b)  -> (artifact id: '2b13c8165388ddaec4809f88c699d55a') in 0.056400 seconds
Number of updated asset objects reloaded before import = 0
Number of asset objects unloaded after import = 3
========================================================================
Received Import Request.
  Time since last request: 0.000019 seconds.
  path: Assets/Scenes/Sprites/gato_respirando_0004.png
  artifactKey: Guid(d397678670da42046b38aa3adec6c245) Importer(815301076,1909f56bfc062723c751e8b465ee728b)
Start importing Assets/Scenes/Sprites/gato_respirando_0004.png using Guid(d397678670da42046b38aa3adec6c245) Importer(815301076,1909f56bfc062723c751e8b465ee728b)  -> (artifact id: '3c7607bde68860649b81fdfa383809b0') in 0.073566 seconds
Number of updated asset objects reloaded before import = 0
Number of asset objects unloaded after import = 3
========================================================================
Received Import Request.
  Time since last request: 0.000631 seconds.
  path: Assets/Scenes/Sprites/gato_ataque_0002.png
  artifactKey: Guid(8eed79fd935cc1d459fcc04f9b0b3398) Importer(815301076,1909f56bfc062723c751e8b465ee728b)
Start importing Assets/Scenes/Sprites/gato_ataque_0002.png using Guid(8eed79fd935cc1d459fcc04f9b0b3398) Importer(815301076,1909f56bfc062723c751e8b465ee728b)  -> (artifact id: '59615b964d7458cf0cbe906ed2fa558c') in 0.031581 seconds
Number of updated asset objects reloaded before import = 0
Number of asset objects unloaded after import = 3
========================================================================
Received Import Request.
  Time since last request: 0.000105 seconds.
  path: Assets/Scenes/Sprites/2/gato_ataque_2_0002.png
  artifactKey: Guid(542ff119895995040b200c13a06c3ca2) Importer(815301076,1909f56bfc062723c751e8b465ee728b)
Start importing Assets/Scenes/Sprites/2/gato_ataque_2_0002.png using Guid(542ff119895995040b200c13a06c3ca2) Importer(815301076,1909f56bfc062723c751e8b465ee728b)  -> (artifact id: 'ae92fb0b85305f2753efdb9e417d76ee') in 0.106797 seconds
Number of updated asset objects reloaded before import = 0
Number of asset objects unloaded after import = 3
========================================================================
Received Import Request.
  Time since last request: 0.002161 seconds.
  path: Assets/Scenes/Sprites/boton_azul.png
  artifactKey: Guid(2f5a126e89e4bcf41b8eeaf9faac902f) Importer(815301076,1909f56bfc062723c751e8b465ee728b)
Start importing Assets/Scenes/Sprites/boton_azul.png using Guid(2f5a126e89e4bcf41b8eeaf9faac902f) Importer(815301076,1909f56bfc062723c751e8b465ee728b)  -> (artifact id: '2eeb659b292f4167fe74a9c231e37b1a') in 0.330743 seconds
Number of updated asset objects reloaded before import = 0
Number of asset objects unloaded after import = 3
========================================================================
Received Import Request.
  Time since last request: 0.000022 seconds.
  path: Assets/Scenes/Sprites/gato_caminar_0001.png
  artifactKey: Guid(fcef2e3c6ae15a34eb1e95fcc6983604) Importer(815301076,1909f56bfc062723c751e8b465ee728b)
Start importing Assets/Scenes/Sprites/gato_caminar_0001.png using Guid(fcef2e3c6ae15a34eb1e95fcc6983604) Importer(815301076,1909f56bfc062723c751e8b465ee728b)  -> (artifact id: '49c0aa5e9325b9892398088777f0df10') in 0.035522 seconds
Number of updated asset objects reloaded before import = 0
Number of asset objects unloaded after import = 3
========================================================================
Received Import Request.
  Time since last request: 0.000024 seconds.
  path: Assets/Scenes/Sprites/gato_salta_0001 1.png
  artifactKey: Guid(a40f728abb9ac944e83136396b20d3ab) Importer(815301076,1909f56bfc062723c751e8b465ee728b)
Start importing Assets/Scenes/Sprites/gato_salta_0001 1.png using Guid(a40f728abb9ac944e83136396b20d3ab) Importer(815301076,1909f56bfc062723c751e8b465ee728b)  -> (artifact id: '9920e08f12b534d709ca0ffb18a8571d') in 0.053386 seconds
Number of updated asset objects reloaded before import = 0
Number of asset objects unloaded after import = 3
========================================================================
Received Import Request.
  Time since last request: 0.000039 seconds.
  path: Assets/Scenes/Sprites/gato_salta_0002.png
  artifactKey: Guid(4fe5ae41fdec45f478442d5bc367f02a) Importer(815301076,1909f56bfc062723c751e8b465ee728b)
Start importing Assets/Scenes/Sprites/gato_salta_0002.png using Guid(4fe5ae41fdec45f478442d5bc367f02a) Importer(815301076,1909f56bfc062723c751e8b465ee728b)  -> (artifact id: 'a8aa7c8929ab102306ea369ecb34e337') in 0.159110 seconds
Number of updated asset objects reloaded before import = 0
Number of asset objects unloaded after import = 3
========================================================================
Received Import Request.
  Time since last request: 0.000472 seconds.
  path: Assets/Scenes/Sprites/2/gato_ataque_2_0004.png
  artifactKey: Guid(d1bb220b38d04db4fbdc2f5445d23eb5) Importer(815301076,1909f56bfc062723c751e8b465ee728b)
Start importing Assets/Scenes/Sprites/2/gato_ataque_2_0004.png using Guid(d1bb220b38d04db4fbdc2f5445d23eb5) Importer(815301076,1909f56bfc062723c751e8b465ee728b)  -> (artifact id: 'c4290d11802de8d565204102eac3bb58') in 0.204736 seconds
Number of updated asset objects reloaded before import = 0
Number of asset objects unloaded after import = 3
========================================================================
Received Import Request.
  Time since last request: 0.001728 seconds.
  path: Assets/Scenes/Sprites/gato_salta_0002 1.png
  artifactKey: Guid(10e0bbc91bd6dbe48891f2da01c52e22) Importer(815301076,1909f56bfc062723c751e8b465ee728b)
Start importing Assets/Scenes/Sprites/gato_salta_0002 1.png using Guid(10e0bbc91bd6dbe48891f2da01c52e22) Importer(815301076,1909f56bfc062723c751e8b465ee728b)  -> (artifact id: '92402f6ceec31abb3a1782eed4f4a1e2') in 0.040258 seconds
Number of updated asset objects reloaded before import = 0
Number of asset objects unloaded after import = 3
========================================================================
Received Import Request.
  Time since last request: 0.000022 seconds.
  path: Assets/Scenes/Sprites/2/gato_respirando_2_0001.png
  artifactKey: Guid(5bd12cfe611696a44b27b2ac5dfe7021) Importer(815301076,1909f56bfc062723c751e8b465ee728b)
Start importing Assets/Scenes/Sprites/2/gato_respirando_2_0001.png using Guid(5bd12cfe611696a44b27b2ac5dfe7021) Importer(815301076,1909f56bfc062723c751e8b465ee728b)  -> (artifact id: '81c12b3de8c1a57324451fff42e06df3') in 0.046558 seconds
Number of updated asset objects reloaded before import = 0
Number of asset objects unloaded after import = 3
========================================================================
Received Import Request.
  Time since last request: 28.368031 seconds.
  path: Assets/Scenes/Sprites/2/paloma shiny_0003.png
  artifactKey: Guid(fb9c5b6548b4d2646a500978346c9942) Importer(815301076,1909f56bfc062723c751e8b465ee728b)
Start importing Assets/Scenes/Sprites/2/paloma shiny_0003.png using Guid(fb9c5b6548b4d2646a500978346c9942) Importer(815301076,1909f56bfc062723c751e8b465ee728b)  -> (artifact id: 'c49835fc89f4e1486f6b09e66c16cadc') in 0.171855 seconds
Number of updated asset objects reloaded before import = 0
Number of asset objects unloaded after import = 3
========================================================================
Received Import Request.
  Time since last request: 7.980484 seconds.
  path: Assets/Scenes/Sprites/2/paloma shiny_0003.png
  artifactKey: Guid(fb9c5b6548b4d2646a500978346c9942) Importer(815301076,1909f56bfc062723c751e8b465ee728b)
Start importing Assets/Scenes/Sprites/2/paloma shiny_0003.png using Guid(fb9c5b6548b4d2646a500978346c9942) Importer(815301076,1909f56bfc062723c751e8b465ee728b)  -> (artifact id: '8aacecfff0fb5c55c86f79bdc796c0ad') in 0.083792 seconds
Number of updated asset objects reloaded before import = 0
Number of asset objects unloaded after import = 3
========================================================================
Received Prepare
Begin MonoManager ReloadAssembly
- Loaded All Assemblies, in  0.509 seconds
Refreshing native plugins compatible for Editor in 0.00 ms, found 0 plugins.
Native extension for WindowsStandalone target not found
Mono: successfully reloaded assembly
- Finished resetting the current domain, in  2.831 seconds
Domain Reload Profiling: 3338ms
	BeginReloadAssembly (271ms)
		ExecutionOrderSort (0ms)
		DisableScriptedObjects (7ms)
		BackupInstance (0ms)
		ReleaseScriptingObjects (0ms)
		CreateAndSetChildDomain (38ms)
	RebuildCommonClasses (145ms)
	RebuildNativeTypeToScriptingClass (40ms)
	initialDomainReloadingComplete (36ms)
	LoadAllAssembliesAndSetupDomain (14ms)
		LoadAssemblies (178ms)
		RebuildTransferFunctionScriptingTraits (0ms)
		AnalyzeDomain (4ms)
			TypeCache.Refresh (0ms)
				TypeCache.ScanAssembly (0ms)
			ScanForSourceGeneratedMonoScriptInfo (0ms)
			ResolveRequiredComponents (3ms)
	FinalizeReload (2832ms)
		ReleaseScriptCaches (0ms)
		RebuildScriptCaches (0ms)
		SetupLoadedEditorAssemblies (1296ms)
			LogAssemblyErrors (0ms)
			InitializePlatformSupportModulesInManaged (120ms)
			SetLoadedEditorAssemblies (21ms)
			RefreshPlugins (0ms)
			BeforeProcessingInitializeOnLoad (309ms)
			ProcessInitializeOnLoadAttributes (805ms)
			ProcessInitializeOnLoadMethodAttributes (29ms)
			AfterProcessingInitializeOnLoad (10ms)
			EditorAssembliesLoaded (0ms)
		ExecutionOrderSort2 (0ms)
		AwakeInstancesAfterBackupRestoration (8ms)
Refreshing native plugins compatible for Editor in 0.00 ms, found 0 plugins.
Preloading 0 native plugins for Editor in 0.00 ms.
Unloading 262 Unused Serialized files (Serialized files now loaded: 0)
Unloading 4 unused Assets / (22.7 KB). Loaded Objects now: 790.
Memory consumption went from 55.4 MB to 55.4 MB.
Total: 2.483600 ms (FindLiveObjects: 0.079300 ms CreateObjectMapping: 0.013700 ms MarkObjects: 2.366900 ms  DeleteObjects: 0.022300 ms)

Prepare: number of updated asset objects reloaded= 0
AssetImportParameters requested are different than current active one (requested -> active):
  custom:video-encoder-webm-vp8: eb34c28f22e8b96e1ab97ce403110664 -> 
  custom:video-decoder-webm-vp8: 9c59270c3fd7afecdb556c50c9e8de78 -> 
  custom:audio-decoder-ogg-vorbis: bf7c407c2cedff20999df2af8eb42d56 -> 
  custom:video-decoder-ogg-theora: a1e56fd34408186e4bbccfd4996cb3dc -> 
  custom:audio-encoder-webm-vorbis: bf7c407c2cedff20999df2af8eb42d56 -> 
  custom:container-demuxer-webm: 4f35f7cbe854078d1ac9338744f61a02 -> 
  custom:container-muxer-webm: aa71ff27fc2769a1b78a27578f13a17b -> 
  custom:container-demuxer-ogg: 62fdf1f143b41e24485cea50d1cbac27 -> 
  custom:AudioImporter_EditorPlatform: d09bf68614088b80899f8185d706f6e7 -> 
  custom:CustomObjectIndexerAttribute: 756ad292c208cfabdd7b50bc23989ffe -> 
  custom:framework-win-MediaFoundation: 216162199b28c13a410421893ffa2e32 -> 
Editor requested this worker to shutdown with reason: Scaling down because of idle timeout
TcpMessagingSession - receive error: operation aborted. errorcode: 995, details: La operación de E/S se anuló por una salida de subproceso o por una solicitud de aplicación.
AssetImportWorker is now disconnected from the server
Process exiting
Exiting without the bug reporter. Application will terminate with return code 0